This is pdfTeX, Version 3.14159265-2.6-1.40.19 (MiKTeX 2.9.6700 64-bit) (preloaded format=pdflatex 2020.7.30)  1 MAR 2021 16:50
entering extended mode
**./cosine_GK_restov1.tex
(cosine_GK_restov1.tex
LaTeX2e <2018-04-01> patch level 5

! LaTeX Error: File `siamltex.cls' not found.

Type X to quit or <RETURN> to proceed,
or enter new name. (Default extension: cls)

Enter file name: 
! Emergency stop.
<read *> 
         
l.4 \usepackage
               [dvips]{graphicx}
*** (cannot \read from terminal in nonstop modes)

 
Here is how much of TeX's memory you used:
 12 strings out of 492969
 354 string characters out of 3126519
 56049 words of memory out of 3000000
 3982 multiletter control sequences out of 15000+200000
 3640 words of font info for 14 fonts, out of 3000000 for 9000
 1141 hyphenation exceptions out of 8191
 10i,0n,8p,72b,8s stack positions out of 5000i,500n,10000p,200000b,50000s
!  ==> Fatal error occurred, no output PDF file produced!
